2025-06-25 12:44:16 -  - exec CUpdateClientPartner::__CollectRequestData
2025-06-25 12:44:16 -  - exec CUpdateClientPartner::GetHTTPPage
2025-06-25 12:44:16 -  - exec CUpdateClientPartner::ParseServerData
2025-06-25 12:44:16 -  - exec CUpdateClientPartner::GetUpdatesList
2025-06-25 12:44:16 -  - exec CUpdateClientPartner::__CollectRequestData
2025-06-25 12:44:16 -  - utf=Y&lang=ru&stable=Y&CANGZIP=Y&SUPD_DBS=MYSQL&XE=N&CLIENT_SITE=192.168.1.133&LICENSE_KEY=X&SUPD_STS=1&SUPD_URS=0&TYPENC=D&CLIENT_PHPVER=8.2.20&NGINX=Y&dbv=8.0.37&instm=main%2C24.0.796%2CY%3Bvote%2C24.0.0%2CN%3Bclouds%2C24.100.0%2CN%3Bperfmon%2C24.0.0%2CN%3Bphotogallery%2C24.100.0%2CN%3Bseo%2C24.300.0%2CN%3Bbitrixcloud%2C24.0.0%2CN%3Bmobileapp%2C24.0.0%2CN%3Bforum%2C24.100.300%2CN%3Bsearch%2C24.0.0%2CN%3Bmessageservice%2C24.500.0%2CN%3Btranslate%2C24.0.0%2CN%3Bsocialservices%2C24.0.200%2CN%3Bui%2C24.300.0%2CN%3Bsecurity%2C24.0.0%2CN%3Bbitrix.sitecorporate%2C24.0.0%2CN%3Blanding%2C24.400.300%2CN%3Bform%2C24.0.0%2CN%3Bfileman%2C24.100.0%2CN%3Bsubscribe%2C24.0.0%2CN%3Brest%2C24.500.0%2CN%3Bblog%2C24.0.0%2CN%3Bb24connector%2C24.0.0%2CN%3Blocation%2C24.100.0%2CN%3Biblock%2C24.0.200%2CN%3Bhighloadblock%2C24.0.201%2CN&reqm=bitrix.sitecorporate&fullmoduleinfo=Y&SUPD_SRS=RU&SUPD_CMP=N
2025-06-25 12:44:16 -  - exec CUpdateClientPartner::GetHTTPPage
2025-06-25 12:44:16 -  - TIME GetUpdatesList(request) 0.239 sec
2025-06-25 12:44:16 -  - exec CUpdateClientPartner::ParseServerData
2025-06-25 12:44:16 -  - exec CUpdateClientPartner::__CollectRequestData
2025-06-25 12:44:16 -  - exec CUpdateClientPartner::GetHTTPPage
2025-06-25 12:44:17 -  - exec CUpdateClientPartner::ParseServerData
2025-06-26 15:50:46 -  - exec CUpdateClientPartner::__CollectRequestData
2025-06-26 15:50:46 -  - exec CUpdateClientPartner::GetHTTPPage
2025-06-26 15:50:47 -  - exec CUpdateClientPartner::ParseServerData
2025-06-26 15:50:47 -  - exec CUpdateClientPartner::GetUpdatesList
2025-06-26 15:50:47 -  - exec CUpdateClientPartner::__CollectRequestData
2025-06-26 15:50:47 -  - utf=Y&lang=ru&stable=Y&CANGZIP=Y&SUPD_DBS=MYSQL&XE=N&CLIENT_SITE=192.168.1.133&LICENSE_KEY=X&SUPD_STS=1&SUPD_URS=0&TYPENC=D&CLIENT_PHPVER=8.2.20&NGINX=Y&dbv=8.0.37&instm=main%2C24.0.796%2CY%3Bvote%2C24.0.0%2CN%3Bclouds%2C24.100.0%2CN%3Bperfmon%2C24.0.0%2CN%3Bphotogallery%2C24.100.0%2CN%3Bseo%2C24.300.0%2CN%3Bbitrixcloud%2C24.0.0%2CN%3Bmobileapp%2C24.0.0%2CN%3Bforum%2C24.100.300%2CN%3Bsearch%2C24.0.0%2CN%3Bmessageservice%2C24.500.0%2CN%3Btranslate%2C24.0.0%2CN%3Bsocialservices%2C24.0.200%2CN%3Bui%2C24.300.0%2CN%3Bsecurity%2C24.0.0%2CN%3Bbitrix.sitecorporate%2C24.0.0%2CN%3Blanding%2C24.400.300%2CN%3Bform%2C24.0.0%2CN%3Bfileman%2C24.100.0%2CN%3Bsubscribe%2C24.0.0%2CN%3Brest%2C24.500.0%2CN%3Bblog%2C24.0.0%2CN%3Bb24connector%2C24.0.0%2CN%3Blocation%2C24.100.0%2CN%3Biblock%2C24.0.200%2CN%3Bhighloadblock%2C24.0.201%2CN&reqm=bitrix.sitecorporate&fullmoduleinfo=Y&SUPD_SRS=RU&SUPD_CMP=N
2025-06-26 15:50:47 -  - exec CUpdateClientPartner::GetHTTPPage
2025-06-26 15:50:47 -  - TIME GetUpdatesList(request) 0.172 sec
2025-06-26 15:50:47 -  - exec CUpdateClientPartner::ParseServerData
2025-06-26 15:50:47 -  - exec CUpdateClientPartner::__CollectRequestData
2025-06-26 15:50:47 -  - exec CUpdateClientPartner::GetHTTPPage
2025-06-26 15:50:47 -  - exec CUpdateClientPartner::ParseServerData
